2026-02-06 18:05:27,160 - __main__ - INFO - 🏴‍☠️ OSINT HUNTER v3.5 جاهز 🔥
2026-02-06 18:05:27,193 - httpx - INFO - HTTP Request: POST https://api.telegram.org/bot8246905590:AAHdlEfGb_bGtHMVrXDjs9X5ErklquDlU9Q/getMe "HTTP/1.1 200 OK"
2026-02-06 18:05:27,198 - httpx - INFO - HTTP Request: POST https://api.telegram.org/bot8246905590:AAHdlEfGb_bGtHMVrXDjs9X5ErklquDlU9Q/deleteWebhook "HTTP/1.1 200 OK"
2026-02-06 18:05:27,199 - telegram.ext.Application - INFO - Application started
2026-02-06 18:05:37,217 - httpx - INFO - HTTP Request: POST https://api.telegram.org/bot8246905590:AAHdlEfGb_bGtHMVrXDjs9X5ErklquDlU9Q/getUpdates "HTTP/1.1 200 OK"
2026-02-06 18:05:47,227 - httpx - INFO - HTTP Request: POST https://api.telegram.org/bot8246905590:AAHdlEfGb_bGtHMVrXDjs9X5ErklquDlU9Q/getUpdates "HTTP/1.1 200 OK"
2026-02-06 18:05:57,239 - httpx - INFO - HTTP Request: POST https://api.telegram.org/bot8246905590:AAHdlEfGb_bGtHMVrXDjs9X5ErklquDlU9Q/getUpdates "HTTP/1.1 200 OK"
2026-02-06 18:06:07,244 - httpx - INFO - HTTP Request: POST https://api.telegram.org/bot8246905590:AAHdlEfGb_bGtHMVrXDjs9X5ErklquDlU9Q/getUpdates "HTTP/1.1 200 OK"
2026-02-06 18:06:17,252 - httpx - INFO - HTTP Request: POST https://api.telegram.org/bot8246905590:AAHdlEfGb_bGtHMVrXDjs9X5ErklquDlU9Q/getUpdates "HTTP/1.1 200 OK"
2026-02-06 18:06:27,261 - httpx - INFO - HTTP Request: POST https://api.telegram.org/bot8246905590:AAHdlEfGb_bGtHMVrXDjs9X5ErklquDlU9Q/getUpdates "HTTP/1.1 200 OK"
2026-02-06 18:06:37,271 - httpx - INFO - HTTP Request: POST https://api.telegram.org/bot8246905590:AAHdlEfGb_bGtHMVrXDjs9X5ErklquDlU9Q/getUpdates "HTTP/1.1 200 OK"
2026-02-06 18:06:47,280 - httpx - INFO - HTTP Request: POST https://api.telegram.org/bot8246905590:AAHdlEfGb_bGtHMVrXDjs9X5ErklquDlU9Q/getUpdates "HTTP/1.1 200 OK"
2026-02-06 18:07:29,031 - __main__ - INFO - 🏴‍☠️ OSINT HUNTER v3.5 جاهز 🔥
2026-02-06 18:07:29,061 - httpx - INFO - HTTP Request: POST https://api.telegram.org/bot8246905590:AAHdlEfGb_bGtHMVrXDjs9X5ErklquDlU9Q/getMe "HTTP/1.1 200 OK"
2026-02-06 18:07:29,068 - httpx - INFO - HTTP Request: POST https://api.telegram.org/bot8246905590:AAHdlEfGb_bGtHMVrXDjs9X5ErklquDlU9Q/deleteWebhook "HTTP/1.1 200 OK"
2026-02-06 18:07:29,072 - telegram.ext.Application - INFO - Application started
2026-02-06 18:07:34,013 - httpx - INFO - HTTP Request: POST https://api.telegram.org/bot8246905590:AAHdlEfGb_bGtHMVrXDjs9X5ErklquDlU9Q/getUpdates "HTTP/1.1 200 OK"
2026-02-06 18:07:34,015 - telegram.ext.Application - INFO - Application is stopping. This might take a moment.
2026-02-06 18:07:34,015 - telegram.ext.Application - INFO - Application.stop() complete
2026-02-06 18:16:56,674 - __main__ - INFO - 💀 OSINT HUNTER v4.0 ULTIMATE جاهز - الأخطر! 💀
2026-02-06 18:16:56,727 - httpx - INFO - HTTP Request: POST https://api.telegram.org/bot8246905590:AAHdlEfGb_bGtHMVrXDjs9X5ErklquDlU9Q/getMe "HTTP/1.1 200 OK"
2026-02-06 18:16:56,736 - httpx - INFO - HTTP Request: POST https://api.telegram.org/bot8246905590:AAHdlEfGb_bGtHMVrXDjs9X5ErklquDlU9Q/deleteWebhook "HTTP/1.1 200 OK"
2026-02-06 18:16:56,737 - telegram.ext.Application - INFO - Application started
2026-02-06 18:16:59,713 - httpx - INFO - HTTP Request: POST https://api.telegram.org/bot8246905590:AAHdlEfGb_bGtHMVrXDjs9X5ErklquDlU9Q/getUpdates "HTTP/1.1 200 OK"
2026-02-06 18:16:59,749 - httpx - INFO - HTTP Request: POST https://api.telegram.org/bot8246905590:AAHdlEfGb_bGtHMVrXDjs9X5ErklquDlU9Q/answerCallbackQuery "HTTP/1.1 200 OK"
2026-02-06 18:16:59,798 - httpx - INFO - HTTP Request: POST https://api.telegram.org/bot8246905590:AAHdlEfGb_bGtHMVrXDjs9X5ErklquDlU9Q/editMessageText "HTTP/1.1 200 OK"
2026-02-06 18:17:03,072 - httpx - INFO - HTTP Request: POST https://api.telegram.org/bot8246905590:AAHdlEfGb_bGtHMVrXDjs9X5ErklquDlU9Q/getUpdates "HTTP/1.1 200 OK"
2026-02-06 18:17:03,127 - httpx - INFO - HTTP Request: POST https://api.telegram.org/bot8246905590:AAHdlEfGb_bGtHMVrXDjs9X5ErklquDlU9Q/answerCallbackQuery "HTTP/1.1 200 OK"
2026-02-06 18:17:03,274 - httpx - INFO - HTTP Request: POST https://api.telegram.org/bot8246905590:AAHdlEfGb_bGtHMVrXDjs9X5ErklquDlU9Q/editMessageText "HTTP/1.1 200 OK"
2026-02-06 18:17:13,078 - httpx - INFO - HTTP Request: POST https://api.telegram.org/bot8246905590:AAHdlEfGb_bGtHMVrXDjs9X5ErklquDlU9Q/getUpdates "HTTP/1.1 200 OK"
2026-02-06 18:17:17,074 - httpx - INFO - HTTP Request: POST https://api.telegram.org/bot8246905590:AAHdlEfGb_bGtHMVrXDjs9X5ErklquDlU9Q/getUpdates "HTTP/1.1 200 OK"
2026-02-06 18:17:17,120 - httpx - INFO - HTTP Request: POST https://api.telegram.org/bot8246905590:AAHdlEfGb_bGtHMVrXDjs9X5ErklquDlU9Q/sendChatAction "HTTP/1.1 200 OK"
2026-02-06 18:17:17,204 - httpx - INFO - HTTP Request: POST https://api.telegram.org/bot8246905590:AAHdlEfGb_bGtHMVrXDjs9X5ErklquDlU9Q/sendMessage "HTTP/1.1 200 OK"
2026-02-06 18:17:20,739 - httpx - INFO - HTTP Request: POST https://api.telegram.org/bot8246905590:AAHdlEfGb_bGtHMVrXDjs9X5ErklquDlU9Q/getUpdates "HTTP/1.1 200 OK"
2026-02-06 18:17:20,762 - httpx - INFO - HTTP Request: POST https://api.telegram.org/bot8246905590:AAHdlEfGb_bGtHMVrXDjs9X5ErklquDlU9Q/answerCallbackQuery "HTTP/1.1 200 OK"
2026-02-06 18:17:22,224 - httpx - INFO - HTTP Request: POST https://api.telegram.org/bot8246905590:AAHdlEfGb_bGtHMVrXDjs9X5ErklquDlU9Q/getUpdates "HTTP/1.1 200 OK"
2026-02-06 18:17:22,243 - httpx - INFO - HTTP Request: POST https://api.telegram.org/bot8246905590:AAHdlEfGb_bGtHMVrXDjs9X5ErklquDlU9Q/answerCallbackQuery "HTTP/1.1 200 OK"
2026-02-06 18:17:22,277 - httpx - INFO - HTTP Request: POST https://api.telegram.org/bot8246905590:AAHdlEfGb_bGtHMVrXDjs9X5ErklquDlU9Q/editMessageText "HTTP/1.1 200 OK"
2026-02-06 18:17:30,341 - httpx - INFO - HTTP Request: POST https://api.telegram.org/bot8246905590:AAHdlEfGb_bGtHMVrXDjs9X5ErklquDlU9Q/getUpdates "HTTP/1.1 200 OK"
2026-02-06 18:17:30,364 - httpx - INFO - HTTP Request: POST https://api.telegram.org/bot8246905590:AAHdlEfGb_bGtHMVrXDjs9X5ErklquDlU9Q/answerCallbackQuery "HTTP/1.1 200 OK"
2026-02-06 18:17:30,403 - httpx - INFO - HTTP Request: POST https://api.telegram.org/bot8246905590:AAHdlEfGb_bGtHMVrXDjs9X5ErklquDlU9Q/editMessageText "HTTP/1.1 200 OK"
2026-02-06 18:17:40,258 - httpx - INFO - HTTP Request: POST https://api.telegram.org/bot8246905590:AAHdlEfGb_bGtHMVrXDjs9X5ErklquDlU9Q/getUpdates "HTTP/1.1 200 OK"
2026-02-06 18:17:40,291 - httpx - INFO - HTTP Request: POST https://api.telegram.org/bot8246905590:AAHdlEfGb_bGtHMVrXDjs9X5ErklquDlU9Q/answerCallbackQuery "HTTP/1.1 200 OK"
2026-02-06 18:17:40,327 - httpx - INFO - HTTP Request: POST https://api.telegram.org/bot8246905590:AAHdlEfGb_bGtHMVrXDjs9X5ErklquDlU9Q/editMessageText "HTTP/1.1 200 OK"
2026-02-06 18:17:44,186 - httpx - INFO - HTTP Request: POST https://api.telegram.org/bot8246905590:AAHdlEfGb_bGtHMVrXDjs9X5ErklquDlU9Q/getUpdates "HTTP/1.1 200 OK"
2026-02-06 18:17:44,210 - httpx - INFO - HTTP Request: POST https://api.telegram.org/bot8246905590:AAHdlEfGb_bGtHMVrXDjs9X5ErklquDlU9Q/answerCallbackQuery "HTTP/1.1 200 OK"
2026-02-06 18:17:54,192 - httpx - INFO - HTTP Request: POST https://api.telegram.org/bot8246905590:AAHdlEfGb_bGtHMVrXDjs9X5ErklquDlU9Q/getUpdates "HTTP/1.1 200 OK"
2026-02-06 18:17:56,169 - httpx - INFO - HTTP Request: POST https://api.telegram.org/bot8246905590:AAHdlEfGb_bGtHMVrXDjs9X5ErklquDlU9Q/getUpdates "HTTP/1.1 200 OK"
2026-02-06 18:17:56,318 - httpx - INFO - HTTP Request: POST https://api.telegram.org/bot8246905590:AAHdlEfGb_bGtHMVrXDjs9X5ErklquDlU9Q/sendMessage "HTTP/1.1 200 OK"
2026-02-06 18:17:59,494 - httpx - INFO - HTTP Request: POST https://api.telegram.org/bot8246905590:AAHdlEfGb_bGtHMVrXDjs9X5ErklquDlU9Q/getUpdates "HTTP/1.1 200 OK"
2026-02-06 18:17:59,592 - httpx - INFO - HTTP Request: POST https://api.telegram.org/bot8246905590:AAHdlEfGb_bGtHMVrXDjs9X5ErklquDlU9Q/answerCallbackQuery "HTTP/1.1 200 OK"
2026-02-06 18:17:59,757 - httpx - INFO - HTTP Request: POST https://api.telegram.org/bot8246905590:AAHdlEfGb_bGtHMVrXDjs9X5ErklquDlU9Q/editMessageText "HTTP/1.1 200 OK"
2026-02-06 18:18:01,705 - httpx - INFO - HTTP Request: POST https://api.telegram.org/bot8246905590:AAHdlEfGb_bGtHMVrXDjs9X5ErklquDlU9Q/getUpdates "HTTP/1.1 200 OK"
2026-02-06 18:18:01,723 - httpx - INFO - HTTP Request: POST https://api.telegram.org/bot8246905590:AAHdlEfGb_bGtHMVrXDjs9X5ErklquDlU9Q/answerCallbackQuery "HTTP/1.1 200 OK"
2026-02-06 18:18:02,625 - httpx - INFO - HTTP Request: POST https://api.telegram.org/bot8246905590:AAHdlEfGb_bGtHMVrXDjs9X5ErklquDlU9Q/getUpdates "HTTP/1.1 200 OK"
2026-02-06 18:18:02,639 - httpx - INFO - HTTP Request: POST https://api.telegram.org/bot8246905590:AAHdlEfGb_bGtHMVrXDjs9X5ErklquDlU9Q/answerCallbackQuery "HTTP/1.1 200 OK"
2026-02-06 18:18:06,664 - httpx - INFO - HTTP Request: POST https://api.telegram.org/bot8246905590:AAHdlEfGb_bGtHMVrXDjs9X5ErklquDlU9Q/getUpdates "HTTP/1.1 200 OK"
2026-02-06 18:18:06,753 - httpx - INFO - HTTP Request: POST https://api.telegram.org/bot8246905590:AAHdlEfGb_bGtHMVrXDjs9X5ErklquDlU9Q/answerCallbackQuery "HTTP/1.1 200 OK"
2026-02-06 18:18:06,851 - httpx - INFO - HTTP Request: POST https://api.telegram.org/bot8246905590:AAHdlEfGb_bGtHMVrXDjs9X5ErklquDlU9Q/editMessageText "HTTP/1.1 200 OK"
2026-02-06 18:18:11,144 - httpx - INFO - HTTP Request: POST https://api.telegram.org/bot8246905590:AAHdlEfGb_bGtHMVrXDjs9X5ErklquDlU9Q/getUpdates "HTTP/1.1 200 OK"
2026-02-06 18:18:11,164 - httpx - INFO - HTTP Request: POST https://api.telegram.org/bot8246905590:AAHdlEfGb_bGtHMVrXDjs9X5ErklquDlU9Q/sendChatAction "HTTP/1.1 200 OK"
2026-02-06 18:18:11,246 - httpx - INFO - HTTP Request: POST https://api.telegram.org/bot8246905590:AAHdlEfGb_bGtHMVrXDjs9X5ErklquDlU9Q/sendMessage "HTTP/1.1 200 OK"
2026-02-06 18:18:21,150 - httpx - INFO - HTTP Request: POST https://api.telegram.org/bot8246905590:AAHdlEfGb_bGtHMVrXDjs9X5ErklquDlU9Q/getUpdates "HTTP/1.1 200 OK"
2026-02-06 18:18:22,498 - httpx - INFO - HTTP Request: POST https://api.telegram.org/bot8246905590:AAHdlEfGb_bGtHMVrXDjs9X5ErklquDlU9Q/getUpdates "HTTP/1.1 200 OK"
2026-02-06 18:18:22,531 - httpx - INFO - HTTP Request: POST https://api.telegram.org/bot8246905590:AAHdlEfGb_bGtHMVrXDjs9X5ErklquDlU9Q/answerCallbackQuery "HTTP/1.1 200 OK"
2026-02-06 18:18:22,573 - httpx - INFO - HTTP Request: POST https://api.telegram.org/bot8246905590:AAHdlEfGb_bGtHMVrXDjs9X5ErklquDlU9Q/editMessageText "HTTP/1.1 200 OK"
2026-02-06 18:18:24,321 - httpx - INFO - HTTP Request: POST https://api.telegram.org/bot8246905590:AAHdlEfGb_bGtHMVrXDjs9X5ErklquDlU9Q/getUpdates "HTTP/1.1 200 OK"
2026-02-06 18:18:24,434 - httpx - INFO - HTTP Request: POST https://api.telegram.org/bot8246905590:AAHdlEfGb_bGtHMVrXDjs9X5ErklquDlU9Q/answerCallbackQuery "HTTP/1.1 200 OK"
2026-02-06 18:18:24,546 - httpx - INFO - HTTP Request: POST https://api.telegram.org/bot8246905590:AAHdlEfGb_bGtHMVrXDjs9X5ErklquDlU9Q/editMessageText "HTTP/1.1 200 OK"
2026-02-06 18:18:34,327 - httpx - INFO - HTTP Request: POST https://api.telegram.org/bot8246905590:AAHdlEfGb_bGtHMVrXDjs9X5ErklquDlU9Q/getUpdates "HTTP/1.1 200 OK"
2026-02-06 18:18:44,332 - httpx - INFO - HTTP Request: POST https://api.telegram.org/bot8246905590:AAHdlEfGb_bGtHMVrXDjs9X5ErklquDlU9Q/getUpdates "HTTP/1.1 200 OK"
2026-02-06 18:18:54,337 - httpx - INFO - HTTP Request: POST https://api.telegram.org/bot8246905590:AAHdlEfGb_bGtHMVrXDjs9X5ErklquDlU9Q/getUpdates "HTTP/1.1 200 OK"
2026-02-06 18:18:57,626 - httpx - INFO - HTTP Request: POST https://api.telegram.org/bot8246905590:AAHdlEfGb_bGtHMVrXDjs9X5ErklquDlU9Q/getUpdates "HTTP/1.1 200 OK"
2026-02-06 18:18:57,729 - httpx - INFO - HTTP Request: POST https://api.telegram.org/bot8246905590:AAHdlEfGb_bGtHMVrXDjs9X5ErklquDlU9Q/sendChatAction "HTTP/1.1 200 OK"
2026-02-06 18:19:01,706 - httpx - INFO - HTTP Request: POST https://api.telegram.org/bot8246905590:AAHdlEfGb_bGtHMVrXDjs9X5ErklquDlU9Q/getUpdates "HTTP/1.1 200 OK"
2026-02-06 18:19:01,849 - httpx - INFO - HTTP Request: POST https://api.telegram.org/bot8246905590:AAHdlEfGb_bGtHMVrXDjs9X5ErklquDlU9Q/sendMessage "HTTP/1.1 200 OK"
2026-02-06 18:19:02,028 - httpx - INFO - HTTP Request: POST https://api.telegram.org/bot8246905590:AAHdlEfGb_bGtHMVrXDjs9X5ErklquDlU9Q/answerCallbackQuery "HTTP/1.1 200 OK"
2026-02-06 18:19:11,714 - httpx - INFO - HTTP Request: POST https://api.telegram.org/bot8246905590:AAHdlEfGb_bGtHMVrXDjs9X5ErklquDlU9Q/getUpdates "HTTP/1.1 200 OK"
2026-02-06 18:19:21,148 - httpx - INFO - HTTP Request: POST https://api.telegram.org/bot8246905590:AAHdlEfGb_bGtHMVrXDjs9X5ErklquDlU9Q/getUpdates "HTTP/1.1 200 OK"
2026-02-06 18:19:21,175 - httpx - INFO - HTTP Request: POST https://api.telegram.org/bot8246905590:AAHdlEfGb_bGtHMVrXDjs9X5ErklquDlU9Q/answerCallbackQuery "HTTP/1.1 200 OK"
2026-02-06 18:19:21,249 - httpx - INFO - HTTP Request: POST https://api.telegram.org/bot8246905590:AAHdlEfGb_bGtHMVrXDjs9X5ErklquDlU9Q/editMessageText "HTTP/1.1 200 OK"
2026-02-06 18:19:31,155 - httpx - INFO - HTTP Request: POST https://api.telegram.org/bot8246905590:AAHdlEfGb_bGtHMVrXDjs9X5ErklquDlU9Q/getUpdates "HTTP/1.1 200 OK"
2026-02-06 18:19:41,161 - httpx - INFO - HTTP Request: POST https://api.telegram.org/bot8246905590:AAHdlEfGb_bGtHMVrXDjs9X5ErklquDlU9Q/getUpdates "HTTP/1.1 200 OK"
2026-02-06 18:19:51,167 - httpx - INFO - HTTP Request: POST https://api.telegram.org/bot8246905590:AAHdlEfGb_bGtHMVrXDjs9X5ErklquDlU9Q/getUpdates "HTTP/1.1 200 OK"
2026-02-06 18:19:53,974 - httpx - INFO - HTTP Request: POST https://api.telegram.org/bot8246905590:AAHdlEfGb_bGtHMVrXDjs9X5ErklquDlU9Q/getUpdates "HTTP/1.1 200 OK"
2026-02-06 18:19:54,041 - httpx - INFO - HTTP Request: POST https://api.telegram.org/bot8246905590:AAHdlEfGb_bGtHMVrXDjs9X5ErklquDlU9Q/answerCallbackQuery "HTTP/1.1 200 OK"
2026-02-06 18:19:54,102 - httpx - INFO - HTTP Request: POST https://api.telegram.org/bot8246905590:AAHdlEfGb_bGtHMVrXDjs9X5ErklquDlU9Q/editMessageText "HTTP/1.1 200 OK"
2026-02-06 18:19:55,715 - httpx - INFO - HTTP Request: POST https://api.telegram.org/bot8246905590:AAHdlEfGb_bGtHMVrXDjs9X5ErklquDlU9Q/getUpdates "HTTP/1.1 200 OK"
2026-02-06 18:19:55,729 - httpx - INFO - HTTP Request: POST https://api.telegram.org/bot8246905590:AAHdlEfGb_bGtHMVrXDjs9X5ErklquDlU9Q/answerCallbackQuery "HTTP/1.1 200 OK"
2026-02-06 18:19:55,787 - httpx - INFO - HTTP Request: POST https://api.telegram.org/bot8246905590:AAHdlEfGb_bGtHMVrXDjs9X5ErklquDlU9Q/editMessageText "HTTP/1.1 200 OK"
2026-02-06 18:19:57,994 - httpx - INFO - HTTP Request: POST https://api.telegram.org/bot8246905590:AAHdlEfGb_bGtHMVrXDjs9X5ErklquDlU9Q/getUpdates "HTTP/1.1 200 OK"
2026-02-06 18:19:58,029 - httpx - INFO - HTTP Request: POST https://api.telegram.org/bot8246905590:AAHdlEfGb_bGtHMVrXDjs9X5ErklquDlU9Q/answerCallbackQuery "HTTP/1.1 200 OK"
2026-02-06 18:19:58,057 - httpx - INFO - HTTP Request: POST https://api.telegram.org/bot8246905590:AAHdlEfGb_bGtHMVrXDjs9X5ErklquDlU9Q/editMessageText "HTTP/1.1 200 OK"
2026-02-06 18:20:04,696 - httpx - INFO - HTTP Request: POST https://api.telegram.org/bot8246905590:AAHdlEfGb_bGtHMVrXDjs9X5ErklquDlU9Q/getUpdates "HTTP/1.1 200 OK"
2026-02-06 18:20:04,727 - httpx - INFO - HTTP Request: POST https://api.telegram.org/bot8246905590:AAHdlEfGb_bGtHMVrXDjs9X5ErklquDlU9Q/sendChatAction "HTTP/1.1 200 OK"
2026-02-06 18:20:08,357 - httpx - INFO - HTTP Request: POST https://api.telegram.org/bot8246905590:AAHdlEfGb_bGtHMVrXDjs9X5ErklquDlU9Q/sendMessage "HTTP/1.1 200 OK"
2026-02-06 18:20:12,755 - httpx - INFO - HTTP Request: POST https://api.telegram.org/bot8246905590:AAHdlEfGb_bGtHMVrXDjs9X5ErklquDlU9Q/getUpdates "HTTP/1.1 200 OK"
2026-02-06 18:20:12,786 - httpx - INFO - HTTP Request: POST https://api.telegram.org/bot8246905590:AAHdlEfGb_bGtHMVrXDjs9X5ErklquDlU9Q/answerCallbackQuery "HTTP/1.1 200 OK"
2026-02-06 18:20:17,302 - httpx - INFO - HTTP Request: POST https://api.telegram.org/bot8246905590:AAHdlEfGb_bGtHMVrXDjs9X5ErklquDlU9Q/getUpdates "HTTP/1.1 200 OK"
2026-02-06 18:20:17,317 - httpx - INFO - HTTP Request: POST https://api.telegram.org/bot8246905590:AAHdlEfGb_bGtHMVrXDjs9X5ErklquDlU9Q/answerCallbackQuery "HTTP/1.1 200 OK"
2026-02-06 18:20:17,368 - httpx - INFO - HTTP Request: POST https://api.telegram.org/bot8246905590:AAHdlEfGb_bGtHMVrXDjs9X5ErklquDlU9Q/editMessageText "HTTP/1.1 200 OK"
2026-02-06 18:20:20,648 - httpx - INFO - HTTP Request: POST https://api.telegram.org/bot8246905590:AAHdlEfGb_bGtHMVrXDjs9X5ErklquDlU9Q/getUpdates "HTTP/1.1 200 OK"
2026-02-06 18:20:20,664 - httpx - INFO - HTTP Request: POST https://api.telegram.org/bot8246905590:AAHdlEfGb_bGtHMVrXDjs9X5ErklquDlU9Q/answerCallbackQuery "HTTP/1.1 200 OK"
2026-02-06 18:20:20,703 - httpx - INFO - HTTP Request: POST https://api.telegram.org/bot8246905590:AAHdlEfGb_bGtHMVrXDjs9X5ErklquDlU9Q/editMessageText "HTTP/1.1 200 OK"
2026-02-06 18:20:24,399 - httpx - INFO - HTTP Request: POST https://api.telegram.org/bot8246905590:AAHdlEfGb_bGtHMVrXDjs9X5ErklquDlU9Q/getUpdates "HTTP/1.1 200 OK"
2026-02-06 18:20:24,446 - httpx - INFO - HTTP Request: POST https://api.telegram.org/bot8246905590:AAHdlEfGb_bGtHMVrXDjs9X5ErklquDlU9Q/sendChatAction "HTTP/1.1 200 OK"
2026-02-06 18:20:25,101 - httpx - INFO - HTTP Request: POST https://api.telegram.org/bot8246905590:AAHdlEfGb_bGtHMVrXDjs9X5ErklquDlU9Q/sendMessage "HTTP/1.1 200 OK"
2026-02-06 18:20:34,405 - httpx - INFO - HTTP Request: POST https://api.telegram.org/bot8246905590:AAHdlEfGb_bGtHMVrXDjs9X5ErklquDlU9Q/getUpdates "HTTP/1.1 200 OK"
2026-02-06 18:20:43,916 - httpx - INFO - HTTP Request: POST https://api.telegram.org/bot8246905590:AAHdlEfGb_bGtHMVrXDjs9X5ErklquDlU9Q/getUpdates "HTTP/1.1 200 OK"
2026-02-06 18:20:43,956 - httpx - INFO - HTTP Request: POST https://api.telegram.org/bot8246905590:AAHdlEfGb_bGtHMVrXDjs9X5ErklquDlU9Q/answerCallbackQuery "HTTP/1.1 200 OK"
2026-02-06 18:20:44,036 - httpx - INFO - HTTP Request: POST https://api.telegram.org/bot8246905590:AAHdlEfGb_bGtHMVrXDjs9X5ErklquDlU9Q/editMessageText "HTTP/1.1 200 OK"
2026-02-06 18:20:45,697 - httpx - INFO - HTTP Request: POST https://api.telegram.org/bot8246905590:AAHdlEfGb_bGtHMVrXDjs9X5ErklquDlU9Q/getUpdates "HTTP/1.1 200 OK"
2026-02-06 18:20:45,765 - httpx - INFO - HTTP Request: POST https://api.telegram.org/bot8246905590:AAHdlEfGb_bGtHMVrXDjs9X5ErklquDlU9Q/answerCallbackQuery "HTTP/1.1 200 OK"
2026-02-06 18:20:47,805 - httpx - INFO - HTTP Request: POST https://api.telegram.org/bot8246905590:AAHdlEfGb_bGtHMVrXDjs9X5ErklquDlU9Q/getUpdates "HTTP/1.1 200 OK"
2026-02-06 18:20:47,821 - httpx - INFO - HTTP Request: POST https://api.telegram.org/bot8246905590:AAHdlEfGb_bGtHMVrXDjs9X5ErklquDlU9Q/answerCallbackQuery "HTTP/1.1 200 OK"
2026-02-06 18:20:47,856 - httpx - INFO - HTTP Request: POST https://api.telegram.org/bot8246905590:AAHdlEfGb_bGtHMVrXDjs9X5ErklquDlU9Q/editMessageText "HTTP/1.1 200 OK"
2026-02-06 18:20:48,900 - httpx - INFO - HTTP Request: POST https://api.telegram.org/bot8246905590:AAHdlEfGb_bGtHMVrXDjs9X5ErklquDlU9Q/editMessageText "HTTP/1.1 200 OK"
2026-02-06 18:20:50,792 - httpx - INFO - HTTP Request: POST https://api.telegram.org/bot8246905590:AAHdlEfGb_bGtHMVrXDjs9X5ErklquDlU9Q/getUpdates "HTTP/1.1 200 OK"
2026-02-06 18:20:50,811 - httpx - INFO - HTTP Request: POST https://api.telegram.org/bot8246905590:AAHdlEfGb_bGtHMVrXDjs9X5ErklquDlU9Q/answerCallbackQuery "HTTP/1.1 200 OK"
2026-02-06 18:20:53,299 - httpx - INFO - HTTP Request: POST https://api.telegram.org/bot8246905590:AAHdlEfGb_bGtHMVrXDjs9X5ErklquDlU9Q/getUpdates "HTTP/1.1 200 OK"
2026-02-06 18:20:53,319 - httpx - INFO - HTTP Request: POST https://api.telegram.org/bot8246905590:AAHdlEfGb_bGtHMVrXDjs9X5ErklquDlU9Q/answerCallbackQuery "HTTP/1.1 200 OK"
2026-02-06 18:20:53,441 - httpx - INFO - HTTP Request: POST https://api.telegram.org/bot8246905590:AAHdlEfGb_bGtHMVrXDjs9X5ErklquDlU9Q/getUpdates "HTTP/1.1 200 OK"
2026-02-06 18:20:53,459 - httpx - INFO - HTTP Request: POST https://api.telegram.org/bot8246905590:AAHdlEfGb_bGtHMVrXDjs9X5ErklquDlU9Q/answerCallbackQuery "HTTP/1.1 200 OK"
2026-02-06 18:20:54,208 - httpx - INFO - HTTP Request: POST https://api.telegram.org/bot8246905590:AAHdlEfGb_bGtHMVrXDjs9X5ErklquDlU9Q/getUpdates "HTTP/1.1 200 OK"
2026-02-06 18:20:54,335 - httpx - INFO - HTTP Request: POST https://api.telegram.org/bot8246905590:AAHdlEfGb_bGtHMVrXDjs9X5ErklquDlU9Q/answerCallbackQuery "HTTP/1.1 200 OK"
2026-02-06 18:21:04,215 - httpx - INFO - HTTP Request: POST https://api.telegram.org/bot8246905590:AAHdlEfGb_bGtHMVrXDjs9X5ErklquDlU9Q/getUpdates "HTTP/1.1 200 OK"
2026-02-06 18:21:14,219 - httpx - INFO - HTTP Request: POST https://api.telegram.org/bot8246905590:AAHdlEfGb_bGtHMVrXDjs9X5ErklquDlU9Q/getUpdates "HTTP/1.1 200 OK"
2026-02-06 18:21:24,225 - httpx - INFO - HTTP Request: POST https://api.telegram.org/bot8246905590:AAHdlEfGb_bGtHMVrXDjs9X5ErklquDlU9Q/getUpdates "HTTP/1.1 200 OK"
2026-02-06 18:21:34,229 - httpx - INFO - HTTP Request: POST https://api.telegram.org/bot8246905590:AAHdlEfGb_bGtHMVrXDjs9X5ErklquDlU9Q/getUpdates "HTTP/1.1 200 OK"
2026-02-06 18:21:40,626 - httpx - INFO - HTTP Request: POST https://api.telegram.org/bot8246905590:AAHdlEfGb_bGtHMVrXDjs9X5ErklquDlU9Q/getUpdates "HTTP/1.1 200 OK"
2026-02-06 18:21:40,627 - telegram.ext.Application - INFO - Application is stopping. This might take a moment.
2026-02-06 18:21:40,627 - telegram.ext.Application - INFO - Application.stop() complete
